KioskApp/app/build/intermediates/manifest_merge_blame_file/debug/processDebugMainManifest/manifest-merger-blame-debug-report.txt
1<?xml version="1.0" encoding="utf-8"?>
2<manifest xmlns:android="http://schemas.android.com/apk/res/android"
3    package="com.campsite.kiosk.debug"
4    android:versionCode="1"
5    android:versionName="1.0.0" >
6
7    <uses-sdk
8        android:minSdkVersion="26"
9        android:targetSdkVersion="35" />
10
11    <uses-permission android:name="android.permission.INTERNET" />
11-->src\main\AndroidManifest.xml:5:5-67
11-->src\main\AndroidManifest.xml:5:22-64
12    <uses-permission android:name="android.permission.WAKE_LOCK" />
12-->src\main\AndroidManifest.xml:6:5-68
12-->src\main\AndroidManifest.xml:6:22-65
13    <uses-permission android:name="android.permission.ACCESS_NETWORK_STATE" />
13-->src\main\AndroidManifest.xml:7:5-79
13-->src\main\AndroidManifest.xml:7:22-76
14
15    <!-- Stripe Terminal — WisePOS E (Internet reader) -->
16    <uses-permission
16-->src\main\AndroidManifest.xml:10:5-95
17        android:name="android.permission.BLUETOOTH"
17-->src\main\AndroidManifest.xml:10:22-65
18        android:maxSdkVersion="30" />
18-->src\main\AndroidManifest.xml:10:66-92
19    <uses-permission
19-->src\main\AndroidManifest.xml:11:5-101
20        android:name="android.permission.BLUETOOTH_ADMIN"
20-->src\main\AndroidManifest.xml:11:22-71
21        android:maxSdkVersion="30" />
21-->src\main\AndroidManifest.xml:11:72-98
22    <uses-permission
22-->src\main\AndroidManifest.xml:12:5-14:32
23        android:name="android.permission.BLUETOOTH_SCAN"
23-->src\main\AndroidManifest.xml:12:22-70
24        android:usesPermissionFlags="neverForLocation" />
24-->src\main\AndroidManifest.xml:13:9-55
25    <uses-permission android:name="android.permission.BLUETOOTH_CONNECT" />
25-->src\main\AndroidManifest.xml:15:5-97
25-->src\main\AndroidManifest.xml:15:22-73
26    <uses-permission android:name="android.permission.ACCESS_FINE_LOCATION" />
26-->src\main\AndroidManifest.xml:16:5-79
26-->src\main\AndroidManifest.xml:16:22-76
27    <uses-permission android:name="android.permission.ACCESS_COARSE_LOCATION" />
27-->src\main\AndroidManifest.xml:17:5-81
27-->src\main\AndroidManifest.xml:17:22-78
28
29    <uses-feature
29-->[com.stripe:stripeterminal-taptopay:5.4.1] AndroidManifest.xml:3:2-78
30        android:name="android.hardware.nfc"
30-->[com.stripe:stripeterminal-taptopay:5.4.1] AndroidManifest.xml:3:16-51
31        android:required="false" />
31-->[com.stripe:stripeterminal-taptopay:5.4.1] AndroidManifest.xml:3:52-76
32    <uses-feature
32-->[com.stripe:stripeterminal-taptopay:5.4.1] AndroidManifest.xml:4:2-88
33        android:name="android.hardware.usb.accessory"
33-->[com.stripe:stripeterminal-taptopay:5.4.1] AndroidManifest.xml:4:16-61
34        android:required="false" />
34-->[com.stripe:stripeterminal-taptopay:5.4.1] AndroidManifest.xml:4:62-86
35    <uses-feature
35-->[com.stripe:stripeterminal-taptopay:5.4.1] AndroidManifest.xml:5:2-83
36        android:name="android.hardware.usb.host"
36-->[com.stripe:stripeterminal-taptopay:5.4.1] AndroidManifest.xml:5:16-56
37        android:required="false" />
37-->[com.stripe:stripeterminal-taptopay:5.4.1] AndroidManifest.xml:5:57-81
38
39    <uses-permission android:name="android.permission.NFC" />
39-->[com.stripe:stripeterminal-taptopay:5.4.1] AndroidManifest.xml:7:2-58
39-->[com.stripe:stripeterminal-taptopay:5.4.1] AndroidManifest.xml:7:19-56
40    <uses-permission android:name="android.permission.READ_PHONE_STATE" />
40-->[com.stripe:stripeterminal-taptopay:5.4.1] AndroidManifest.xml:9:2-71
40-->[com.stripe:stripeterminal-taptopay:5.4.1] AndroidManifest.xml:9:19-69
41    <uses-permission
41-->[com.stripe:stripeterminal-taptopay:5.4.1] AndroidManifest.xml:10:2-102
42        android:name="android.permission.HIDE_OVERLAY_WINDOWS"
42-->[com.stripe:stripeterminal-taptopay:5.4.1] AndroidManifest.xml:10:46-100
43        android:minSdkVersion="31" />
43-->[com.stripe:stripeterminal-taptopay:5.4.1] AndroidManifest.xml:10:19-45
44
45    <permission
45-->[androidx.core:core:1.13.1] AndroidManifest.xml:22:5-24:47
46        android:name="com.campsite.kiosk.debug.DYNAMIC_RECEIVER_NOT_EXPORTED_PERMISSION"
46-->[androidx.core:core:1.13.1] AndroidManifest.xml:23:9-81
47        android:protectionLevel="signature" />
47-->[androidx.core:core:1.13.1] AndroidManifest.xml:24:9-44
48
49    <uses-permission android:name="com.campsite.kiosk.debug.DYNAMIC_RECEIVER_NOT_EXPORTED_PERMISSION" />
49-->[androidx.core:core:1.13.1] AndroidManifest.xml:26:5-97
49-->[androidx.core:core:1.13.1] AndroidManifest.xml:26:22-94
50    <uses-permission android:name="android.permission.ACCESS_WIFI_STATE" />
50-->[com.stripe:stripeterminal-internal-common:5.4.1] AndroidManifest.xml:6:2-72
50-->[com.stripe:stripeterminal-internal-common:5.4.1] AndroidManifest.xml:6:19-70
51
52    <application
52-->src\main\AndroidManifest.xml:19:5-50:19
53        android:name="com.campsite.kiosk.KioskApplication"
53-->src\main\AndroidManifest.xml:20:9-41
54        android:allowBackup="false"
54-->src\main\AndroidManifest.xml:21:9-36
55        android:appComponentFactory="androidx.core.app.CoreComponentFactory"
55-->[androidx.core:core:1.13.1] AndroidManifest.xml:28:18-86
56        android:dataExtractionRules="@xml/data_extraction_rules"
56-->src\main\AndroidManifest.xml:22:9-65
57        android:debuggable="true"
58        android:extractNativeLibs="false"
59        android:gwpAsanMode="always"
59-->[com.stripe:stripeterminal-taptopay:5.4.1] AndroidManifest.xml:11:15-43
60        android:hardwareAccelerated="true"
60-->src\main\AndroidManifest.xml:29:9-43
61        android:icon="@mipmap/ic_launcher"
61-->src\main\AndroidManifest.xml:23:9-43
62        android:label="@string/app_name"
62-->src\main\AndroidManifest.xml:25:9-41
63        android:networkSecurityConfig="@xml/network_security_config"
63-->src\main\AndroidManifest.xml:28:9-69
64        android:roundIcon="@mipmap/ic_launcher_round"
64-->src\main\AndroidManifest.xml:24:9-54
65        android:supportsRtl="false"
65-->src\main\AndroidManifest.xml:26:9-36
66        android:testOnly="true"
67        android:theme="@style/Theme.KioskApp" >
67-->src\main\AndroidManifest.xml:27:9-46
68        <activity
68-->src\main\AndroidManifest.xml:32:9-48:20
69            android:name="com.campsite.kiosk.MainActivity"
69-->src\main\AndroidManifest.xml:33:13-41
70            android:configChanges="orientation|screenSize|keyboard|keyboardHidden|navigation"
70-->src\main\AndroidManifest.xml:37:13-94
71            android:exported="true"
71-->src\main\AndroidManifest.xml:34:13-36
72            android:keepScreenOn="true"
72-->src\main\AndroidManifest.xml:39:13-40
73            android:launchMode="singleTask"
73-->src\main\AndroidManifest.xml:35:13-44
74            android:screenOrientation="landscape"
74-->src\main\AndroidManifest.xml:36:13-50
75            android:windowSoftInputMode="adjustNothing" >
75-->src\main\AndroidManifest.xml:38:13-56
76            <intent-filter>
76-->src\main\AndroidManifest.xml:41:13-46:29
77                <action android:name="android.intent.action.MAIN" />
77-->src\main\AndroidManifest.xml:42:17-69
77-->src\main\AndroidManifest.xml:42:25-66
78
79                <category android:name="android.intent.category.LAUNCHER" />
79-->src\main\AndroidManifest.xml:43:17-77
79-->src\main\AndroidManifest.xml:43:27-74
80                <category android:name="android.intent.category.HOME" />
80-->src\main\AndroidManifest.xml:44:17-73
80-->src\main\AndroidManifest.xml:44:27-70
81                <category android:name="android.intent.category.DEFAULT" />
81-->src\main\AndroidManifest.xml:45:17-76
81-->src\main\AndroidManifest.xml:45:27-73
82            </intent-filter>
83        </activity>
84        <activity
84-->[com.stripe:stripeterminal-taptopay:5.4.1] AndroidManifest.xml:12:3-251
85            android:name="lf1590ac64bf1495847993c7f.l458345c05cc44bc4623c5662"
85-->[com.stripe:stripeterminal-taptopay:5.4.1] AndroidManifest.xml:12:75-141
86            android:configChanges="orientation|keyboardHidden|screenSize"
86-->[com.stripe:stripeterminal-taptopay:5.4.1] AndroidManifest.xml:12:13-74
87            android:process=":stripetaptopay"
87-->[com.stripe:stripeterminal-taptopay:5.4.1] AndroidManifest.xml:12:142-175
88            android:screenOrientation="locked"
88-->[com.stripe:stripeterminal-taptopay:5.4.1] AndroidManifest.xml:12:176-210
89            android:theme="@style/NoDisplayCutout" />
89-->[com.stripe:stripeterminal-taptopay:5.4.1] AndroidManifest.xml:12:211-249
90        <activity
90-->[com.stripe:stripeterminal-taptopay:5.4.1] AndroidManifest.xml:13:3-18:14
91            android:name="com.stripe.cots.activity.ContactlessPaymentActivity"
91-->[com.stripe:stripeterminal-taptopay:5.4.1] AndroidManifest.xml:13:38-104
92            android:exported="false"
92-->[com.stripe:stripeterminal-taptopay:5.4.1] AndroidManifest.xml:13:13-37
93            android:process=":stripetaptopay"
93-->[com.stripe:stripeterminal-taptopay:5.4.1] AndroidManifest.xml:13:105-138
94            android:theme="@style/Theme.CotsApp" >
94-->[com.stripe:stripeterminal-taptopay:5.4.1] AndroidManifest.xml:13:139-175
95            <intent-filter>
95-->[com.stripe:stripeterminal-taptopay:5.4.1] AndroidManifest.xml:14:4-17:20
96                <action android:name="android.nfc.action.NDEF_DISCOVERED" />
96-->[com.stripe:stripeterminal-taptopay:5.4.1] AndroidManifest.xml:15:5-64
96-->[com.stripe:stripeterminal-taptopay:5.4.1] AndroidManifest.xml:15:13-62
97
98                <category android:name="android.intent.category.DEFAULT" />
98-->src\main\AndroidManifest.xml:45:17-76
98-->src\main\AndroidManifest.xml:45:27-73
99            </intent-filter>
100        </activity>
101        <activity
101-->[com.stripe:stripeterminal-taptopay:5.4.1] AndroidManifest.xml:19:3-187
102            android:name="com.stripe.cots.simulator.SimulatedContactlessPaymentActivity"
102-->[com.stripe:stripeterminal-taptopay:5.4.1] AndroidManifest.xml:19:38-114
103            android:exported="false"
103-->[com.stripe:stripeterminal-taptopay:5.4.1] AndroidManifest.xml:19:13-37
104            android:process=":stripetaptopay"
104-->[com.stripe:stripeterminal-taptopay:5.4.1] AndroidManifest.xml:19:115-148
105            android:theme="@style/Theme.CotsApp" />
105-->[com.stripe:stripeterminal-taptopay:5.4.1] AndroidManifest.xml:19:149-185
106
107        <service
107-->[com.stripe:stripeterminal-taptopay:5.4.1] AndroidManifest.xml:20:3-127
108            android:name="com.stripe.cots.aidlservice.CotsService"
108-->[com.stripe:stripeterminal-taptopay:5.4.1] AndroidManifest.xml:20:37-91
109            android:exported="false"
109-->[com.stripe:stripeterminal-taptopay:5.4.1] AndroidManifest.xml:20:12-36
110            android:process=":stripetaptopay" />
110-->[com.stripe:stripeterminal-taptopay:5.4.1] AndroidManifest.xml:20:92-125
111        <service
111-->[com.stripe:stripeterminal-taptopay:5.4.1] AndroidManifest.xml:21:3-136
112            android:name="com.stripe.cots.aidlservice.SimulatedCotsService"
112-->[com.stripe:stripeterminal-taptopay:5.4.1] AndroidManifest.xml:21:37-100
113            android:exported="false"
113-->[com.stripe:stripeterminal-taptopay:5.4.1] AndroidManifest.xml:21:12-36
114            android:process=":stripetaptopay" />
114-->[com.stripe:stripeterminal-taptopay:5.4.1] AndroidManifest.xml:21:101-134
115
116        <provider
116-->[com.stripe:stripeterminal-taptopay:5.4.1] AndroidManifest.xml:22:3-186
117            android:name="com.stripe.cots.content.CotsContentProvider"
117-->[com.stripe:stripeterminal-taptopay:5.4.1] AndroidManifest.xml:22:92-150
118            android:authorities="com.campsite.kiosk.debug.stripetaptopay"
118-->[com.stripe:stripeterminal-taptopay:5.4.1] AndroidManifest.xml:22:13-66
119            android:exported="false"
119-->[com.stripe:stripeterminal-taptopay:5.4.1] AndroidManifest.xml:22:67-91
120            android:process=":stripetaptopay" />
120-->[com.stripe:stripeterminal-taptopay:5.4.1] AndroidManifest.xml:22:151-184
121        <provider
121-->[com.stripe:stripeterminal-taptopay:5.4.1] AndroidManifest.xml:23:3-279
122            android:name="com.stripe.cots.lpmuiplatform.PaymentMethodSpecsContentProvider"
122-->[com.stripe:stripeterminal-taptopay:5.4.1] AndroidManifest.xml:23:118-196
123            android:authorities="com.campsite.kiosk.debug.lpmuiplatform.paymentmethodspecsprovider"
123-->[com.stripe:stripeterminal-taptopay:5.4.1] AndroidManifest.xml:23:13-92
124            android:exported="false"
124-->[com.stripe:stripeterminal-taptopay:5.4.1] AndroidManifest.xml:23:93-117
125            android:permission="com.stripe.updater.permission.PAYMENT_METHOD_SPECS_PROVIDER" />
125-->[com.stripe:stripeterminal-taptopay:5.4.1] AndroidManifest.xml:23:197-277
126        <provider
126-->[androidx.emoji2:emoji2:1.3.0] AndroidManifest.xml:24:9-32:20
127            android:name="androidx.startup.InitializationProvider"
127-->[androidx.emoji2:emoji2:1.3.0] AndroidManifest.xml:25:13-67
128            android:authorities="com.campsite.kiosk.debug.androidx-startup"
128-->[androidx.emoji2:emoji2:1.3.0] AndroidManifest.xml:26:13-68
129            android:exported="false" >
129-->[androidx.emoji2:emoji2:1.3.0] AndroidManifest.xml:27:13-37
130            <meta-data
130-->[androidx.emoji2:emoji2:1.3.0] AndroidManifest.xml:29:13-31:52
131                android:name="androidx.emoji2.text.EmojiCompatInitializer"
131-->[androidx.emoji2:emoji2:1.3.0] AndroidManifest.xml:30:17-75
132                android:value="androidx.startup" />
132-->[androidx.emoji2:emoji2:1.3.0] AndroidManifest.xml:31:17-49
133            <meta-data
133-->[androidx.lifecycle:lifecycle-process:2.8.7] AndroidManifest.xml:29:13-31:52
134                android:name="androidx.lifecycle.ProcessLifecycleInitializer"
134-->[androidx.lifecycle:lifecycle-process:2.8.7] AndroidManifest.xml:30:17-78
135                android:value="androidx.startup" />
135-->[androidx.lifecycle:lifecycle-process:2.8.7] AndroidManifest.xml:31:17-49
136            <meta-data
136-->[androidx.profileinstaller:profileinstaller:1.4.0] AndroidManifest.xml:29:13-31:52
137                android:name="androidx.profileinstaller.ProfileInstallerInitializer"
137-->[androidx.profileinstaller:profileinstaller:1.4.0] AndroidManifest.xml:30:17-85
138                android:value="androidx.startup" />
138-->[androidx.profileinstaller:profileinstaller:1.4.0] AndroidManifest.xml:31:17-49
139        </provider>
140
141        <meta-data
141-->[com.google.android.gms:play-services-basement:18.1.0] AndroidManifest.xml:21:9-23:69
142            android:name="com.google.android.gms.version"
142-->[com.google.android.gms:play-services-basement:18.1.0] AndroidManifest.xml:22:13-58
143            android:value="@integer/google_play_services_version" />
143-->[com.google.android.gms:play-services-basement:18.1.0] AndroidManifest.xml:23:13-66
144
145        <activity
145-->[com.stripe:stripeterminal-core:5.4.1] AndroidManifest.xml:10:3-15:14
146            android:name="com.stripe.stripeterminal.internal.common.usb.UsbEventReceiverActivity"
146-->[com.stripe:stripeterminal-core:5.4.1] AndroidManifest.xml:10:105-190
147            android:excludeFromRecents="true"
147-->[com.stripe:stripeterminal-core:5.4.1] AndroidManifest.xml:10:13-46
148            android:exported="false"
148-->[com.stripe:stripeterminal-core:5.4.1] AndroidManifest.xml:10:47-71
149            android:label="@string/app_name"
149-->[com.stripe:stripeterminal-core:5.4.1] AndroidManifest.xml:10:72-104
150            android:noHistory="true"
150-->[com.stripe:stripeterminal-core:5.4.1] AndroidManifest.xml:10:191-215
151            android:taskAffinity="com.stripe.stripeterminal.taskAffinityUsbEventReceiver"
151-->[com.stripe:stripeterminal-core:5.4.1] AndroidManifest.xml:10:216-293
152            android:theme="@style/Theme.Transparent" >
152-->[com.stripe:stripeterminal-core:5.4.1] AndroidManifest.xml:10:294-334
153            <intent-filter>
153-->[com.stripe:stripeterminal-core:5.4.1] AndroidManifest.xml:11:4-13:20
154                <action android:name="android.hardware.usb.action.USB_DEVICE_ATTACHED" />
154-->[com.stripe:stripeterminal-core:5.4.1] AndroidManifest.xml:12:5-77
154-->[com.stripe:stripeterminal-core:5.4.1] AndroidManifest.xml:12:13-75
155            </intent-filter>
156
157            <meta-data
157-->[com.stripe:stripeterminal-core:5.4.1] AndroidManifest.xml:14:4-121
158                android:name="android.hardware.usb.action.USB_DEVICE_ATTACHED"
158-->[com.stripe:stripeterminal-core:5.4.1] AndroidManifest.xml:14:15-77
159                android:resource="@xml/usb_device_filter" />
159-->[com.stripe:stripeterminal-core:5.4.1] AndroidManifest.xml:14:78-119
160        </activity>
161
162        <service
162-->[androidx.room:room-runtime:2.6.1] AndroidManifest.xml:24:9-28:63
163            android:name="androidx.room.MultiInstanceInvalidationService"
163-->[androidx.room:room-runtime:2.6.1] AndroidManifest.xml:25:13-74
164            android:directBootAware="true"
164-->[androidx.room:room-runtime:2.6.1] AndroidManifest.xml:26:13-43
165            android:exported="false" />
165-->[androidx.room:room-runtime:2.6.1] AndroidManifest.xml:27:13-37
166
167        <receiver
167-->[androidx.profileinstaller:profileinstaller:1.4.0] AndroidManifest.xml:34:9-52:20
168            android:name="androidx.profileinstaller.ProfileInstallReceiver"
168-->[androidx.profileinstaller:profileinstaller:1.4.0] AndroidManifest.xml:35:13-76
169            android:directBootAware="false"
169-->[androidx.profileinstaller:profileinstaller:1.4.0] AndroidManifest.xml:36:13-44
170            android:enabled="true"
170-->[androidx.profileinstaller:profileinstaller:1.4.0] AndroidManifest.xml:37:13-35
171            android:exported="true"
171-->[androidx.profileinstaller:profileinstaller:1.4.0] AndroidManifest.xml:38:13-36
172            android:permission="android.permission.DUMP" >
172-->[androidx.profileinstaller:profileinstaller:1.4.0] AndroidManifest.xml:39:13-57
173            <intent-filter>
173-->[androidx.profileinstaller:profileinstaller:1.4.0] AndroidManifest.xml:40:13-42:29
174                <action android:name="androidx.profileinstaller.action.INSTALL_PROFILE" />
174-->[androidx.profileinstaller:profileinstaller:1.4.0] AndroidManifest.xml:41:17-91
174-->[androidx.profileinstaller:profileinstaller:1.4.0] AndroidManifest.xml:41:25-88
175            </intent-filter>
176            <intent-filter>
176-->[androidx.profileinstaller:profileinstaller:1.4.0] AndroidManifest.xml:43:13-45:29
177                <action android:name="androidx.profileinstaller.action.SKIP_FILE" />
177-->[androidx.profileinstaller:profileinstaller:1.4.0] AndroidManifest.xml:44:17-85
177-->[androidx.profileinstaller:profileinstaller:1.4.0] AndroidManifest.xml:44:25-82
178            </intent-filter>
179            <intent-filter>
179-->[androidx.profileinstaller:profileinstaller:1.4.0] AndroidManifest.xml:46:13-48:29
180                <action android:name="androidx.profileinstaller.action.SAVE_PROFILE" />
180-->[androidx.profileinstaller:profileinstaller:1.4.0] AndroidManifest.xml:47:17-88
180-->[androidx.profileinstaller:profileinstaller:1.4.0] AndroidManifest.xml:47:25-85
181            </intent-filter>
182            <intent-filter>
182-->[androidx.profileinstaller:profileinstaller:1.4.0] AndroidManifest.xml:49:13-51:29
183                <action android:name="androidx.profileinstaller.action.BENCHMARK_OPERATION" />
183-->[androidx.profileinstaller:profileinstaller:1.4.0] AndroidManifest.xml:50:17-95
183-->[androidx.profileinstaller:profileinstaller:1.4.0] AndroidManifest.xml:50:25-92
184            </intent-filter>
185        </receiver>
186    </application>
187
188</manifest>